<?xml version="1.0" encoding="UTF-8"?>
<testsuite xmlns:xsi="http://www.w3.org/2001/XMLSchema-instance" xsi:noNamespaceSchemaLocation="https://maven.apache.org/surefire/maven-surefire-plugin/xsd/surefire-test-report-3.0.xsd" version="3.0" name="tr.edu.bilkent.spacemission.SpaceMissionManagmentTests" time="10.221" tests="1" errors="0" skipped="0" failures="0">
  <properties>
[...]
</properties>
  <testcase name="contextLoads" classname="tr.edu.bilkent.spacemission.SpaceMissionManagmentTests" time="1.938">
    <system-out><![CDATA[16:44:48.169 [main] INFO org.springframework.test.context.support.AnnotationConfigContextLoaderUtils -- Could not detect default configuration classes for test class [tr.edu.bilkent.spacemission.SpaceMissionManagmentTests]: SpaceMissionManagmentTests does not declare any static, non-private, non-final, nested classes annotated with @Configuration.
16:44:48.543 [main] INFO org.springframework.boot.test.context.SpringBootTestContextBootstrapper -- Found @SpringBootConfiguration tr.edu.bilkent.spacemission.SpaceMissionManagement for test class tr.edu.bilkent.spacemission.SpaceMissionManagmentTests

  .   ____          _            __ _ _
 /\\ / ___'_ __ _ _(_)_ __  __ _ \ \ \ \
( ( )\___ | '_ | '_| | '_ \/ _` | \ \ \ \
 \\/  ___)| |_)| | | | | || (_| |  ) ) ) )
  '  |____| .__|_| |_|_| |_\__, | / / / /
 =========|_|==============|___/=/_/_/_/
 :: Spring Boot ::                (v3.2.2)

2024-06-02T16:44:49.659+03:00  INFO 13032 --- [           main] t.e.b.s.SpaceMissionManagmentTests       : Starting SpaceMissionManagmentTests using Java 21 with PID 13032 (started by yigit in C:\Users\yigit\Desktop\Space-Mission-Manager\backend)
2024-06-02T16:44:49.674+03:00  INFO 13032 --- [           main] t.e.b.s.SpaceMissionManagmentTests       : No active profile set, falling back to 1 default profile: "default"
2024-06-02T16:44:55.719+03:00  INFO 13032 --- [           main] t.e.b.s.SpaceMissionManagmentTests       : Started SpaceMissionManagmentTests in 6.675 seconds (process running for 9.952)
]]></system-out>
  </testcase>
</testsuite>